<?xml version="1.0" encoding="UTF-8"?>
<!-- Generated by org.testng.reporters.JUnitXMLReporter -->
<testsuite hostname="DESKTOP-D6FQT73" ignored="1" name="Default test" tests="4" failures="0" timestamp="18 Jul 2023 06:57:59 GMT" time="0.15" errors="0">
  <testcase name="tc7" time="0.01" classname="org.testNGsample.SuiteSample2"/>
  <testcase name="tc5" time="0.003" classname="org.testNGsample.SuiteSample2"/>
  <testcase name="tc5" time="0.003" classname="org.testNGsample.SuiteSample2"/>
  <testcase name="tc5" time="0.006" classname="org.testNGsample.SuiteSample2"/>
  <testcase name="tc6" time="0.0" classname="org.testNGsample.SuiteSample2">
    <ignored/>
  </testcase> <!-- tc6 -->
</testsuite> <!-- Default test -->
