<?xml version="1.0" encoding="UTF-8"?>
<!-- Generated by org.testng.reporters.JUnitXMLReporter -->
<testsuite hostname="DESKTOP-D6FQT73" ignored="1" name="Test 2" tests="4" failures="0" timestamp="18 Jul 2023 08:09:55 GMT" time="0.1" errors="0">
  <testcase name="tc7" time="0.009" classname="org.testNGsample.SuiteSample2"/>
  <testcase name="tc5" time="0.005" classname="org.testNGsample.SuiteSample2"/>
  <testcase name="tc5" time="0.008" classname="org.testNGsample.SuiteSample2"/>
  <testcase name="tc5" time="0.004" classname="org.testNGsample.SuiteSample2"/>
  <testcase name="tc6" time="0.0" classname="org.testNGsample.SuiteSample2">
    <ignored/>
  </testcase> <!-- tc6 -->
</testsuite> <!-- Test 2 -->
